Hermetic_Test_Environment/app/build/intermediates/manifest_merge_blame_file/debug/manifest-merger-blame-debug-report.txt
1<?xml version="1.0" encoding="utf-8"?>
2<manifest xmlns:android="http://schemas.android.com/apk/res/android"
3    package="com.sqisland.android.espresso.hermetic"
4    android:versionCode="1"
5    android:versionName="1.0.0" >
6
7    <uses-sdk
8        android:minSdkVersion="17"
8-->src/main/AndroidManifest.xml
9        android:targetSdkVersion="30" />
9-->src/main/AndroidManifest.xml
10
11    <application
11-->src/main/AndroidManifest.xml:4:3-18:17
12        android:name="com.sqisland.android.espresso.hermetic.GreetingApplication"
12-->src/main/AndroidManifest.xml:6:7-42
13        android:allowBackup="false"
13-->src/main/AndroidManifest.xml:9:7-34
14        android:appComponentFactory="androidx.core.app.CoreComponentFactory"
14-->[androidx.core:core:1.5.0] AndroidManifest.xml:24:18-86
15        android:debuggable="true"
16        android:icon="@mipmap/ic_launcher"
16-->src/main/AndroidManifest.xml:7:7-41
17        android:label="@string/app_name"
17-->src/main/AndroidManifest.xml:5:7-39
18        android:testOnly="true"
19        android:theme="@style/AppTheme" >
19-->src/main/AndroidManifest.xml:8:7-38
20        <activity
20-->src/main/AndroidManifest.xml:10:5-17:16
21            android:name="com.sqisland.android.espresso.hermetic.MainActivity"
21-->src/main/AndroidManifest.xml:11:9-37
22            android:label="@string/app_name" >
22-->src/main/AndroidManifest.xml:12:9-41
23            <intent-filter>
23-->src/main/AndroidManifest.xml:13:7-16:23
24                <action android:name="android.intent.action.MAIN" />
24-->src/main/AndroidManifest.xml:14:9-60
24-->src/main/AndroidManifest.xml:14:17-58
25
26                <category android:name="android.intent.category.LAUNCHER" />
26-->src/main/AndroidManifest.xml:15:9-68
26-->src/main/AndroidManifest.xml:15:19-66
27            </intent-filter>
28        </activity>
29    </application>
30
31</manifest>